#
# There is insufficient memory for the Java Runtime Environment to continue.
# Native memory allocation (malloc) failed to allocate 1048576 bytes for AllocateHeap
# Possible reasons:
#   The system is out of physical RAM or swap space
#   The process is running with CompressedOops enabled, and the Java Heap may be blocking the growth of the native heap
# Possible solutions:
#   Reduce memory load on the system
#   Increase physical memory or swap space
#   Check if swap backing store is full
#   Decrease Java heap size (-Xmx/-Xms)
#   Decrease number of Java threads
#   Decrease Java thread stack sizes (-Xss)
#   Set larger code cache with -XX:ReservedCodeCacheSize=
#   JVM is running with Unscaled Compressed Oops mode in which the Java heap is
#     placed in the first 4GB address space. The Java Heap base address is the
#     maximum limit for the native heap growth. Please use -XX:HeapBaseMinAddress
#     to set the Java Heap base and to place the Java Heap above 4GB virtual address.
# This output file may be truncated or incomplete.
#
#  Out of Memory Error (allocation.cpp:44), pid=38252, tid=40536
#
# JRE version:  (17.0.8+7) (build )
# Java VM: OpenJDK 64-Bit Server VM (17.0.8+7-adhoc..jdk17u, mixed mode, emulated-client, sharing, tiered, compressed oops, compressed class ptrs, g1 gc, windows-amd64)
# No core dump will be written. Minidumps are not enabled by default on client versions of Windows
#

---------------  S U M M A R Y ------------

Command Line: -XX:TieredStopAtLevel=1 -Dspring.output.ansi.enabled=always -Dcom.sun.management.jmxremote -Dspring.jmx.enabled=true -Dspring.liveBeansView.mbeanDomain -Dspring.application.admin.enabled=true -Dmanagement.endpoints.jmx.exposure.include=* -javaagent:C:\Program Files\JetBrains\IntelliJ IDEA 2023.2.2\lib\idea_rt.jar=57954:C:\Program Files\JetBrains\IntelliJ IDEA 2023.2.2\bin -Dfile.encoding=UTF-8 com.fusm.documentmanager.DocumentManagerApplication

Host: 11th Gen Intel(R) Core(TM) i7-1165G7 @ 2.80GHz, 8 cores, 7G,  Windows 11 , 64 bit Build 22000 (10.0.22000.2360)
Time: Thu Oct 12 16:40:39 2023 Hora est. Pacífico, Sudamérica elapsed time: 0.139999 seconds (0d 0h 0m 0s)

---------------  T H R E A D  ---------------

Current thread (0x000001b181feb3b0):  JavaThread "Unknown thread" [_thread_in_vm, id=40536, stack(0x000000968c300000,0x000000968c400000)]

Stack: [0x000000968c300000,0x000000968c400000]
Native frames: (J=compiled Java code, j=interpreted, Vv=VM code, C=native code)
V  [jvm.dll+0x679dda]
V  [jvm.dll+0x8378c4]
V  [jvm.dll+0x83906e]
V  [jvm.dll+0x8396d3]
V  [jvm.dll+0x24775f]
V  [jvm.dll+0xa6b1b]
V  [jvm.dll+0x2e6ed7]
V  [jvm.dll+0x2ded3b]
V  [jvm.dll+0x809551]
V  [jvm.dll+0x36be31]
V  [jvm.dll+0x7e885c]
V  [jvm.dll+0x3eeb5f]
V  [jvm.dll+0x3f0771]
C  [jli.dll+0x528f]
C  [ucrtbase.dll+0x26c0c]
C  [KERNEL32.DLL+0x153e0]
C  [ntdll.dll+0x485b]


---------------  P R O C E S S  ---------------

Threads class SMR info:
_java_thread_list=0x00007ffd19230018, length=0, elements={
}

Java Threads: ( => current thread )

Other Threads:
  0x000001b182046600 GCTaskThread "GC Thread#0" [stack: 0x000000968c400000,0x000000968c500000] [id=38152]

[error occurred during error reporting (printing all threads), id 0xc0000005, EXCEPTION_ACCESS_VIOLATION (0xc0000005) at pc=0x00007ffd189ebe20]

VM state: not at safepoint (not fully initialized)

VM Mutex/Monitor currently owned by a thread:  ([mutex/lock_event])
[0x000001b181fe63a0] Heap_lock - owner thread: 0x000001b181feb3b0

Heap address: 0x0000000083600000, size: 1994 MB, Compressed Oops mode: 32-bit

CDS archive(s) mapped at: [0x0000000000000000-0x0000000000000000-0x0000000000000000), size 0, SharedBaseAddress: 0x0000000800000000, ArchiveRelocationMode: 1.
Narrow klass base: 0x0000000000000000, Narrow klass shift: 0, Narrow klass range: 0x0

GC Precious Log:
<Empty>

Heap:
 garbage-first heap   total 0K, used 0K [0x0000000083600000, 0x0000000100000000)
  region size 1024K, 0 young (0K), 0 survivors (0K)

[error occurred during error reporting (printing heap information), id 0xc0000005, EXCEPTION_ACCESS_VIOLATION (0xc0000005) at pc=0x00007ffd18dd3a99]

GC Heap History (0 events):
No events

Dll operation events (1 events):
Event: 0.127 Loaded shared library C:\Program Files\OpenLogic\jre-17.0.8.7-hotspot\bin\java.dll

Deoptimization events (0 events):
No events

Classes unloaded (0 events):
No events

Classes redefined (0 events):
No events

Internal exceptions (0 events):
No events

VM Operations (0 events):
No events

Events (0 events):
No events


Dynamic libraries:
0x00007ff7d1090000 - 0x00007ff7d109e000 	C:\Program Files\OpenLogic\jre-17.0.8.7-hotspot\bin\java.exe
0x00007ffd9a6e0000 - 0x00007ffd9a8e9000 	C:\WINDOWS\SYSTEM32\ntdll.dll
0x00007ffd98c60000 - 0x00007ffd98d1d000 	C:\WINDOWS\System32\KERNEL32.DLL
0x00007ffd98100000 - 0x00007ffd98484000 	C:\WINDOWS\System32\KERNELBASE.dll
0x00007ffd97c90000 - 0x00007ffd97da1000 	C:\WINDOWS\System32\ucrtbase.dll
0x00007ffd7b980000 - 0x00007ffd7b997000 	C:\Program Files\OpenLogic\jre-17.0.8.7-hotspot\bin\jli.dll
0x00007ffd98620000 - 0x00007ffd987cd000 	C:\WINDOWS\System32\USER32.dll
0x00007ffd97fe0000 - 0x00007ffd98006000 	C:\WINDOWS\System32\win32u.dll
0x00007ffd98dc0000 - 0x00007ffd98dea000 	C:\WINDOWS\System32\GDI32.dll
0x00007ffd97b70000 - 0x00007ffd97c8e000 	C:\WINDOWS\System32\gdi32full.dll
0x00007ffd98490000 - 0x00007ffd9852d000 	C:\WINDOWS\System32\msvcp_win.dll
0x00007ffd7a740000 - 0x00007ffd7a75b000 	C:\Program Files\OpenLogic\jre-17.0.8.7-hotspot\bin\VCRUNTIME140.dll
0x00007ffd77d50000 - 0x00007ffd77ff5000 	C:\WINDOWS\WinSxS\amd64_microsoft.windows.common-controls_6595b64144ccf1df_6.0.22000.120_none_9d947278b86cc467\COMCTL32.dll
0x00007ffd9a1d0000 - 0x00007ffd9a273000 	C:\WINDOWS\System32\msvcrt.dll
0x00007ffd98d80000 - 0x00007ffd98db1000 	C:\WINDOWS\System32\IMM32.DLL
0x00007ffd881e0000 - 0x00007ffd881ec000 	C:\Program Files\OpenLogic\jre-17.0.8.7-hotspot\bin\vcruntime140_1.dll
0x00007ffd739e0000 - 0x00007ffd73a6d000 	C:\Program Files\OpenLogic\jre-17.0.8.7-hotspot\bin\msvcp140.dll
0x00007ffd18700000 - 0x00007ffd19362000 	C:\Program Files\OpenLogic\jre-17.0.8.7-hotspot\bin\server\jvm.dll
0x00007ffd9a5f0000 - 0x00007ffd9a69e000 	C:\WINDOWS\System32\ADVAPI32.dll
0x00007ffd99b90000 - 0x00007ffd99c2e000 	C:\WINDOWS\System32\sechost.dll
0x00007ffd9a4b0000 - 0x00007ffd9a5d1000 	C:\WINDOWS\System32\RPCRT4.dll
0x00007ffd96190000 - 0x00007ffd961dd000 	C:\WINDOWS\SYSTEM32\POWRPROF.dll
0x00007ffd7e5a0000 - 0x00007ffd7e5a9000 	C:\WINDOWS\SYSTEM32\WSOCK32.dll
0x00007ffd99d60000 - 0x00007ffd99dcf000 	C:\WINDOWS\System32\WS2_32.dll
0x00007ffd8ee30000 - 0x00007ffd8ee63000 	C:\WINDOWS\SYSTEM32\WINMM.dll
0x00007ffd8cb80000 - 0x00007ffd8cb8a000 	C:\WINDOWS\SYSTEM32\VERSION.dll
0x00007ffd96370000 - 0x00007ffd96383000 	C:\WINDOWS\SYSTEM32\UMPDC.dll
0x00007ffd96b70000 - 0x00007ffd96b88000 	C:\WINDOWS\SYSTEM32\kernel.appcore.dll
0x00007ffd87960000 - 0x00007ffd8796a000 	C:\Program Files\OpenLogic\jre-17.0.8.7-hotspot\bin\jimage.dll
0x00007ffd952d0000 - 0x00007ffd954f1000 	C:\WINDOWS\SYSTEM32\DBGHELP.DLL
0x00007ffd86050000 - 0x00007ffd86081000 	C:\WINDOWS\SYSTEM32\dbgcore.DLL
0x00007ffd98010000 - 0x00007ffd9808f000 	C:\WINDOWS\System32\bcryptPrimitives.dll
0x00007ffd86090000 - 0x00007ffd8609e000 	C:\Program Files\OpenLogic\jre-17.0.8.7-hotspot\bin\instrument.dll
0x00007ffd741f0000 - 0x00007ffd74215000 	C:\Program Files\OpenLogic\jre-17.0.8.7-hotspot\bin\java.dll

dbghelp: loaded successfully - version: 4.0.5 - missing functions: none
symbol engine: initialized successfully - sym options: 0x614 - pdb path: .;C:\Program Files\OpenLogic\jre-17.0.8.7-hotspot\bin;C:\WINDOWS\SYSTEM32;C:\WINDOWS\WinSxS\amd64_microsoft.windows.common-controls_6595b64144ccf1df_6.0.22000.120_none_9d947278b86cc467;C:\Program Files\OpenLogic\jre-17.0.8.7-hotspot\bin\server

VM Arguments:
jvm_args: -XX:TieredStopAtLevel=1 -Dspring.output.ansi.enabled=always -Dcom.sun.management.jmxremote -Dspring.jmx.enabled=true -Dspring.liveBeansView.mbeanDomain -Dspring.application.admin.enabled=true -Dmanagement.endpoints.jmx.exposure.include=* -javaagent:C:\Program Files\JetBrains\IntelliJ IDEA 2023.2.2\lib\idea_rt.jar=57954:C:\Program Files\JetBrains\IntelliJ IDEA 2023.2.2\bin -Dfile.encoding=UTF-8 
java_command: com.fusm.documentmanager.DocumentManagerApplication
java_class_path (initial): C:\Users\AndreaGomez\Documents\PROYECTOS\FUSM\MS-DOCUMENT-MANAGER\target\classes;C:\Users\AndreaGomez\.m2\repository\org\springframework\boot\spring-boot-starter-data-jdbc\2.7.4\spring-boot-starter-data-jdbc-2.7.4.jar;C:\Users\AndreaGomez\.m2\repository\org\springframework\boot\spring-boot-starter-jdbc\2.7.4\spring-boot-starter-jdbc-2.7.4.jar;C:\Users\AndreaGomez\.m2\repository\com\zaxxer\HikariCP\4.0.3\HikariCP-4.0.3.jar;C:\Users\AndreaGomez\.m2\repository\org\springframework\spring-jdbc\5.3.23\spring-jdbc-5.3.23.jar;C:\Users\AndreaGomez\.m2\repository\org\springframework\data\spring-data-jdbc\2.4.3\spring-data-jdbc-2.4.3.jar;C:\Users\AndreaGomez\.m2\repository\org\springframework\data\spring-data-relational\2.4.3\spring-data-relational-2.4.3.jar;C:\Users\AndreaGomez\.m2\repository\org\springframework\data\spring-data-commons\2.7.3\spring-data-commons-2.7.3.jar;C:\Users\AndreaGomez\.m2\repository\org\springframework\spring-tx\5.3.23\spring-tx-5.3.23.jar;C:\Users\AndreaGomez\.m2\repository\org\springframework\spring-context\5.3.23\spring-context-5.3.23.jar;C:\Users\AndreaGomez\.m2\repository\org\slf4j\slf4j-api\1.7.36\slf4j-api-1.7.36.jar;C:\Users\AndreaGomez\.m2\repository\org\springframework\boot\spring-boot-starter-web\2.7.4\spring-boot-starter-web-2.7.4.jar;C:\Users\AndreaGomez\.m2\repository\org\springframework\boot\spring-boot-starter\2.7.4\spring-boot-starter-2.7.4.jar;C:\Users\AndreaGomez\.m2\repository\org\springframework\boot\spring-boot-starter-logging\2.7.4\spring-boot-starter-logging-2.7.4.jar;C:\Users\AndreaGomez\.m2\repository\ch\qos\logback\logback-classic\1.2.11\logback-classic-1.2.11.jar;C:\Users\AndreaGomez\.m2\repository\ch\qos\logback\logback-core\1.2.11\logback-core-1.2.11.jar;C:\Users\AndreaGomez\.m2\repository\org\apache\logging\log4j\log4j-to-slf4j\2.17.2\log4j-to-slf4j-2.17.2.jar;C:\Users\AndreaGomez\.m2\repository\org\apache\logging\log4j\log4j-api\2.17.2\log4j-api-2.17.2.jar;C:\Users\AndreaGomez\.m2\repository
Launcher Type: SUN_STANDARD

[Global flags]
     intx CICompilerCount                          = 4                                         {product} {ergonomic}
     uint ConcGCThreads                            = 2                                         {product} {ergonomic}
     uint G1ConcRefinementThreads                  = 8                                         {product} {ergonomic}
   size_t G1HeapRegionSize                         = 1048576                                   {product} {ergonomic}
    uintx GCDrainStackTargetSize                   = 64                                        {product} {ergonomic}
   size_t InitialHeapSize                          = 132120576                                 {product} {ergonomic}
     bool ManagementServer                         = true                                      {product} {command line}
   size_t MarkStackSize                            = 4194304                                   {product} {ergonomic}
   size_t MaxHeapSize                              = 2090860544                                {product} {ergonomic}
   size_t MinHeapDeltaBytes                        = 1048576                                   {product} {ergonomic}
   size_t MinHeapSize                              = 8388608                                   {product} {ergonomic}
    uintx NonProfiledCodeHeapSize                  = 0                                      {pd product} {ergonomic}
     bool ProfileInterpreter                       = false                                  {pd product} {command line}
    uintx ProfiledCodeHeapSize                     = 0                                      {pd product} {ergonomic}
   size_t SoftMaxHeapSize                          = 2090860544                             {manageable} {ergonomic}
     intx TieredStopAtLevel                        = 1                                         {product} {command line}
     bool UseCompressedClassPointers               = true                           {product lp64_product} {ergonomic}
     bool UseCompressedOops                        = true                           {product lp64_product} {ergonomic}
     bool UseG1GC                                  = true                                      {product} {ergonomic}
     bool UseLargePagesIndividualAllocation        = false                                  {pd product} {ergonomic}

Logging:
Log output configuration:
 #0: stdout all=warning uptime,level,tags
 #1: stderr all=off uptime,level,tags

Environment Variables:
JAVA_HOME=C:\Program Files\OpenLogic\jre-17.0.8.7-hotspot
PATH=C:\Program Files\OpenLogic\jre-17.0.8.7-hotspot\bin;C:\Program Files\Common Files\Oracle\Java\javapath;C:\Windows\system32;C:\Windows;C:\Windows\System32\Wbem;C:\Windows\System32\WindowsPowerShell\v1.0\;C:\Windows\System32\OpenSSH\;C:\Program Files (x86)\NVIDIA Corporation\PhysX\Common;C:\Program Files\NVIDIA Corporation\NVIDIA NvDLISR;C:\WINDOWS\system32;C:\WINDOWS;C:\WINDOWS\System32\Wbem;C:\WINDOWS\System32\WindowsPowerShell\v1.0\;C:\WINDOWS\System32\OpenSSH\;C:\Program Files\nodejs\;C:\ProgramData\chocolatey\bin;C:\Program Files\Git\cmd;C:\Program Files\Amazon\AWSCLI\bin\;C:\Program Files\OpenLogic\jre-17.0.8.7-hotspot\bin;C:\maven\bin;C:\Program Files (x86)\Microsoft SQL Server\160\Tools\Binn\;C:\Program Files\Microsoft SQL Server\160\Tools\Binn\;C:\Program Files\Microsoft SQL Server\Client SDK\ODBC\170\Tools\Binn\;C:\Program Files\Microsoft SQL Server\160\DTS\Binn\;C:\Program Files (x86)\Microsoft SQL Server\160\DTS\Binn\;C:\Program Files\Azure Data Studio\bin;C:\Program Files\Microsoft SQL Server\150\Tools\Binn\;C:\Program Files\dotnet\;C:\gradle\bin;;C:\Program Files\Docker\Docker\resources\bin;C:\Users\AndreaGomez\.console-ninja\.bin;C:\Program Files\MySQL\MySQL Shell 8.0\bin\;C:\Users\AndreaGomez\AppData\Local\Programs\Python\Python311\Scripts\;C:\Users\AndreaGomez\AppData\Local\Programs\Python\Python311\;C:\Users\AndreaGomez\AppData\Local\Microsoft\WindowsApps;C:\Users\AndreaGomez\AppData\Roaming\npm;C:\Users\AndreaGomez\AppData\Local\Programs\Microsoft VS Code\bin;C:\Program Files\Azure Data Studio\bin;C:\Users\AndreaGomez\.dotnet\tools;C:\Users\AndreaGomez\AppData\Local\GitHubDesktop\bin
USERNAME=AndreaGomez
OS=Windows_NT
PROCESSOR_IDENTIFIER=Intel64 Family 6 Model 140 Stepping 1, GenuineIntel
TMP=C:\Users\ANDREA~1\AppData\Local\Temp
TEMP=C:\Users\ANDREA~1\AppData\Local\Temp



---------------  S Y S T E M  ---------------

OS:
 Windows 11 , 64 bit Build 22000 (10.0.22000.2360)
OS uptime: 1 days 8:02 hours
Hyper-V role detected

CPU: total 8 (initial active 8) (4 cores per cpu, 2 threads per core) family 6 model 140 stepping 1 microcode 0x8a, cx8, cmov, fxsr, ht, mmx, 3dnowpref, sse, sse2, sse3, ssse3, sse4.1, sse4.2, popcnt, lzcnt, tsc, tscinvbit, avx, avx2, aes, erms, clmul, bmi1, bmi2, adx, avx512f, avx512dq, avx512cd, avx512bw, avx512vl, sha, fma, vzeroupper, avx512_vpopcntdq, avx512_vpclmulqdq, avx512_vaes, avx512_vnni, clflush, clflushopt, clwb, avx512_vbmi2, avx512_vbmi, hv
Processor Information for all 8 processors :
  Max Mhz: 2803, Current Mhz: 2803, Mhz Limit: 2803

Memory: 4k page, system-wide physical 7971M (161M free)
TotalPageFile size 32547M (AvailPageFile size 4M)
current process WorkingSet (physical memory assigned to process): 10M, peak: 10M
current process commit charge ("private bytes"): 47M, peak: 48M

vm_info: OpenJDK 64-Bit Server VM (17.0.8+7-adhoc..jdk17u) for windows-amd64 JRE (17.0.8+7-adhoc..jdk17u), built on Jul 19 2023 10:43:49 by "" with MS VC++ 16.10 / 16.11 (VS2019)

END.
